2025-02-13 10:36:20 Starting PG (revision: 13.1.20240905-d0e0ffb61375719308dd0399bba96b8dec34affd, mode: single, pc)
2025-02-13 10:36:20 Current UTC time: 05:06:20
2025-02-13 10:36:20 PG started.
2025-02-13 12:44:02 PG stopped.
2025-02-13 12:44:07 Starting PG (revision: 13.1.20240905-d0e0ffb61375719308dd0399bba96b8dec34affd, mode: Single, pc)
2025-02-13 12:44:07 Current UTC time: 07:14:07
2025-02-13 12:44:07 Found license file: F:\Work\Projects\MxFace Project\New Fingerprint SDK\Neurotec_Biometric_13_1_SDK\Bin\Licenses\FaceClient.lic
2025-02-13 12:44:07 Found license file: F:\Work\Projects\MxFace Project\New Fingerprint SDK\Neurotec_Biometric_13_1_SDK\Bin\Licenses\FaceExtractor.lic
2025-02-13 12:44:07 Found license file: F:\Work\Projects\MxFace Project\New Fingerprint SDK\Neurotec_Biometric_13_1_SDK\Bin\Licenses\FaceMatcher.lic
2025-02-13 12:44:07 Found license file: F:\Work\Projects\MxFace Project\New Fingerprint SDK\Neurotec_Biometric_13_1_SDK\Bin\Licenses\FingerExtractor.lic
2025-02-13 12:44:07 Found license file: F:\Work\Projects\MxFace Project\New Fingerprint SDK\Neurotec_Biometric_13_1_SDK\Bin\Licenses\FingerMatcher.lic
2025-02-13 12:44:07 Found license file: F:\Work\Projects\MxFace Project\New Fingerprint SDK\Neurotec_Biometric_13_1_SDK\Bin\Licenses\IrisExtractor.lic
2025-02-13 12:44:07 Found license file: F:\Work\Projects\MxFace Project\New Fingerprint SDK\Neurotec_Biometric_13_1_SDK\Bin\Licenses\IrisMatcher.lic
2025-02-13 12:44:07 PG started.
2025-02-13 12:46:57 Starting PG (revision: 13.1.20240905-d0e0ffb61375719308dd0399bba96b8dec34affd, mode: Single, pc)
2025-02-13 12:46:57 Current UTC time: 07:16:57
2025-02-13 12:46:58 Found license file: F:\Work\Projects\MxFace Project\New Fingerprint SDK\Neurotec_Biometric_13_1_SDK\Bin\Licenses\FaceClient.lic
2025-02-13 12:46:58 Found license file: F:\Work\Projects\MxFace Project\New Fingerprint SDK\Neurotec_Biometric_13_1_SDK\Bin\Licenses\FaceExtractor.lic
2025-02-13 12:46:58 Found license file: F:\Work\Projects\MxFace Project\New Fingerprint SDK\Neurotec_Biometric_13_1_SDK\Bin\Licenses\FaceMatcher.lic
2025-02-13 12:46:58 Found license file: F:\Work\Projects\MxFace Project\New Fingerprint SDK\Neurotec_Biometric_13_1_SDK\Bin\Licenses\FingerExtractor.lic
2025-02-13 12:46:58 Found license file: F:\Work\Projects\MxFace Project\New Fingerprint SDK\Neurotec_Biometric_13_1_SDK\Bin\Licenses\FingerMatcher.lic
2025-02-13 12:46:58 Found license file: F:\Work\Projects\MxFace Project\New Fingerprint SDK\Neurotec_Biometric_13_1_SDK\Bin\Licenses\IrisExtractor.lic
2025-02-13 12:46:58 Found license file: F:\Work\Projects\MxFace Project\New Fingerprint SDK\Neurotec_Biometric_13_1_SDK\Bin\Licenses\IrisMatcher.lic
2025-02-13 12:46:58 PG started.
2025-02-13 17:07:17 PG stopped.
2025-02-13 17:08:17 Starting PG (revision: 13.1.20240905-d0e0ffb61375719308dd0399bba96b8dec34affd, mode: Single, pc)
2025-02-13 17:08:17 Current UTC time: 11:38:17
2025-02-13 17:08:17 Found license file: F:\Work\Projects\MxFace Project\New Fingerprint SDK\Neurotec_Biometric_13_1_SDK\Bin\Licenses\FaceClient.lic
2025-02-13 17:08:17 Found license file: F:\Work\Projects\MxFace Project\New Fingerprint SDK\Neurotec_Biometric_13_1_SDK\Bin\Licenses\FaceExtractor.lic
2025-02-13 17:08:17 Found license file: F:\Work\Projects\MxFace Project\New Fingerprint SDK\Neurotec_Biometric_13_1_SDK\Bin\Licenses\FaceMatcher.lic
2025-02-13 17:08:17 Found license file: F:\Work\Projects\MxFace Project\New Fingerprint SDK\Neurotec_Biometric_13_1_SDK\Bin\Licenses\FingerExtractor.lic
2025-02-13 17:08:17 Found license file: F:\Work\Projects\MxFace Project\New Fingerprint SDK\Neurotec_Biometric_13_1_SDK\Bin\Licenses\FingerMatcher.lic
2025-02-13 17:08:17 Found license file: F:\Work\Projects\MxFace Project\New Fingerprint SDK\Neurotec_Biometric_13_1_SDK\Bin\Licenses\IrisExtractor.lic
2025-02-13 17:08:17 Found license file: F:\Work\Projects\MxFace Project\New Fingerprint SDK\Neurotec_Biometric_13_1_SDK\Bin\Licenses\IrisMatcher.lic
2025-02-13 17:08:17 PG started.
2025-02-14 10:25:02 PG stopped.
2025-02-14 10:25:10 Starting PG (revision: 13.1.20240905-d0e0ffb61375719308dd0399bba96b8dec34affd, mode: Single, pc)
2025-02-14 10:25:10 Current UTC time: 04:55:10
2025-02-14 10:25:10 Found license file: F:\Work\Projects\MxFace Project\New Fingerprint SDK\Neurotec_Biometric_13_1_SDK\Bin\Licenses\FaceClient.lic
2025-02-14 10:25:10 Found license file: F:\Work\Projects\MxFace Project\New Fingerprint SDK\Neurotec_Biometric_13_1_SDK\Bin\Licenses\FaceExtractor.lic
2025-02-14 10:25:10 Found license file: F:\Work\Projects\MxFace Project\New Fingerprint SDK\Neurotec_Biometric_13_1_SDK\Bin\Licenses\FaceMatcher.lic
2025-02-14 10:25:10 Found license file: F:\Work\Projects\MxFace Project\New Fingerprint SDK\Neurotec_Biometric_13_1_SDK\Bin\Licenses\FingerExtractor.lic
2025-02-14 10:25:10 Found license file: F:\Work\Projects\MxFace Project\New Fingerprint SDK\Neurotec_Biometric_13_1_SDK\Bin\Licenses\FingerMatcher.lic
2025-02-14 10:25:10 Found license file: F:\Work\Projects\MxFace Project\New Fingerprint SDK\Neurotec_Biometric_13_1_SDK\Bin\Licenses\IrisExtractor.lic
2025-02-14 10:25:10 Found license file: F:\Work\Projects\MxFace Project\New Fingerprint SDK\Neurotec_Biometric_13_1_SDK\Bin\Licenses\IrisMatcher.lic
2025-02-14 10:25:10 PG started.
2025-02-14 10:34:32 PG stopped.
2025-02-14 10:34:37 Starting PG (revision: 13.1.20240905-d0e0ffb61375719308dd0399bba96b8dec34affd, mode: Single, pc)
2025-02-14 10:34:37 Current UTC time: 05:04:37
2025-02-14 10:34:37 Found license file: D:\Activation\Bin\Licenses\FaceClient.lic
2025-02-14 10:34:37 Found license file: D:\Activation\Bin\Licenses\FaceExtractor.lic
2025-02-14 10:34:37 Found license file: D:\Activation\Bin\Licenses\FaceMatcher.lic
2025-02-14 10:34:37 Found license file: D:\Activation\Bin\Licenses\FingerExtractor.lic
2025-02-14 10:34:37 Found license file: D:\Activation\Bin\Licenses\FingerMatcher.lic
2025-02-14 10:34:37 Found license file: D:\Activation\Bin\Licenses\IrisExtractor.lic
2025-02-14 10:34:37 Found license file: D:\Activation\Bin\Licenses\IrisMatcher.lic
2025-02-14 10:34:37 PG started.
